<?xml version="1.0" encoding="UTF-8"?>
<!-- Generated by org.testng.reporters.JUnitReportReporter -->
<testsuite hostname="AL02362889" failures="0" tests="6" name="com.naver.search.TestNGDataProviderExample" time="0.039" errors="0" timestamp="2024-04-18T18:18:25 KST" skipped="0">
  <testcase classname="com.naver.search.TestNGDataProviderExample" name="testSubtraction" time="0.002"/>
  <system-out/>
  <testcase classname="com.naver.search.TestNGDataProviderExample" name="testAddition" time="0.002"/>
  <system-out/>
  <testcase classname="com.naver.search.TestNGDataProviderExample" name="testAddition" time="0.001"/>
  <system-out/>
  <testcase classname="com.naver.search.TestNGDataProviderExample" name="testAddition" time="0.033"/>
  <system-out/>
  <testcase classname="com.naver.search.TestNGDataProviderExample" name="testSubtraction" time="0.000"/>
  <system-out/>
  <testcase classname="com.naver.search.TestNGDataProviderExample" name="testSubtraction" time="0.001"/>
  <system-out/>
</testsuite> <!-- com.naver.search.TestNGDataProviderExample -->
