<?xml version="1.0" encoding="UTF-8"?>
<!-- Generated by org.testng.reporters.JUnitReportReporter -->
<testsuite hostname="AL02362889" failures="0" tests="5" name="com.naver.search.Suite_06_Finacail_DataProvider_Test" time="4.849" errors="0" timestamp="2024-04-18T18:15:35 KST" skipped="0">
  <testcase classname="com.naver.search.Suite_06_Finacail_DataProvider_Test" name="s03" time="0.519"/>
  <system-out/>
  <testcase classname="com.naver.search.Suite_06_Finacail_DataProvider_Test" name="s02" time="0.679"/>
  <system-out/>
  <testcase classname="com.naver.search.Suite_06_Finacail_DataProvider_Test" name="s03" time="0.525"/>
  <system-out/>
  <testcase classname="com.naver.search.Suite_06_Finacail_DataProvider_Test" name="s03" time="0.520"/>
  <system-out/>
  <testcase classname="com.naver.search.Suite_06_Finacail_DataProvider_Test" name="s01" time="2.606"/>
  <system-out/>
</testsuite> <!-- com.naver.search.Suite_06_Finacail_DataProvider_Test -->
