<?xml version="1.0" encoding="UTF-8"?>
<!-- Generated by org.testng.reporters.JUnitReportReporter -->
<testsuite hostname="AL02362889" failures="0" tests="6" name="com.naver.search.Suite_05_Date_provider" time="5.826" errors="0" timestamp="2024-11-24T02:55:04 KST" skipped="0">
  <testcase classname="com.naver.search.Suite_05_Date_provider" name="s03" time="0.619"/>
  <system-out/>
  <testcase classname="com.naver.search.Suite_05_Date_provider" name="s01" time="2.349"/>
  <system-out/>
  <testcase classname="com.naver.search.Suite_05_Date_provider" name="s03" time="0.690"/>
  <system-out/>
  <testcase classname="com.naver.search.Suite_05_Date_provider" name="s03" time="0.661"/>
  <system-out/>
  <testcase classname="com.naver.search.Suite_05_Date_provider" name="s02" time="0.577"/>
  <system-out/>
  <testcase classname="com.naver.search.Suite_05_Date_provider" name="s03" time="0.930"/>
  <system-out/>
</testsuite> <!-- com.naver.search.Suite_05_Date_provider -->
