<?xml version="1.0" encoding="UTF-8"?>
<!-- Generated by org.testng.reporters.JUnitReportReporter -->
<testsuite hostname="AL02362889" failures="0" tests="3" name="com.naver.search.Suite_02_shopping_my" time="11.687" errors="0" timestamp="2024-11-25T02:01:02 KST" skipped="0">
  <testcase classname="com.naver.search.Suite_02_shopping_my" name="s01_네이버로그인" time="4.668"/>
  <system-out/>
  <testcase classname="com.naver.search.Suite_02_shopping_my" name="s03_관심스토어_클릭" time="3.215"/>
  <system-out/>
  <testcase classname="com.naver.search.Suite_02_shopping_my" name="s02_쇼핑MY_관심스토어_진입" time="3.804"/>
  <system-out/>
</testsuite> <!-- com.naver.search.Suite_02_shopping_my -->
