<?xml version="1.0" encoding="UTF-8"?>
<!-- Generated by org.testng.reporters.JUnitReportReporter -->
<testsuite hostname="AL02362889" failures="0" tests="1" name="com.naver.common.CreateTemplate" time="3.908" errors="0" timestamp="2024-04-18T17:31:46 KST" skipped="0">
  <testcase classname="com.naver.common.CreateTemplate" name="createTemplate" time="3.908"/>
  <system-out/>
</testsuite> <!-- com.naver.common.CreateTemplate -->
