<?xml version="1.0" encoding="UTF-8"?>
<!-- Generated by org.testng.reporters.JUnitReportReporter -->
<testsuite hostname="AL02362889" failures="0" tests="1" name="com.naver.search.Suite_01_Naver_Search_Test" time="107.722" errors="0" timestamp="2024-11-24T03:30:48 KST" skipped="0">
  <testcase classname="com.naver.search.Suite_01_Naver_Search_Test" name="s01_Naver_Search" time="107.722"/>
  <system-out/>
</testsuite> <!-- com.naver.search.Suite_01_Naver_Search_Test -->
