<?xml version="1.0" encoding="UTF-8"?>
<!-- Generated by org.testng.reporters.JUnitReportReporter -->
<testsuite hostname="AL02362889" failures="0" tests="3" name="com.naver.search.Suite_03_Wahts_News_Test" time="22.656" errors="0" timestamp="2024-04-18T15:52:55 KST" skipped="0">
  <testcase classname="com.naver.search.Suite_03_Wahts_News_Test" name="s01_Connetc_로그인" time="0.935"/>
  <system-out/>
  <testcase classname="com.naver.search.Suite_03_Wahts_News_Test" name="s03_Dead_Link_Test" time="21.300"/>
  <system-out/>
  <testcase classname="com.naver.search.Suite_03_Wahts_News_Test" name="s02_Whats_news" time="0.421"/>
  <system-out/>
</testsuite> <!-- com.naver.search.Suite_03_Wahts_News_Test -->
