<?xml version="1.0" encoding="UTF-8"?>
<!-- Generated by org.testng.reporters.JUnitReportReporter -->
<testsuite hostname="AL02362889" failures="0" tests="3" name="com.naver.search.Suite_01_smartstore_order" time="8.441" errors="0" timestamp="2024-11-25T01:18:16 KST" skipped="0">
  <testcase classname="com.naver.search.Suite_01_smartstore_order" name="s01_네이버로그인" time="3.881"/>
  <system-out/>
  <testcase classname="com.naver.search.Suite_01_smartstore_order" name="s02_스스_상품상세_진입" time="2.425"/>
  <system-out/>
  <testcase classname="com.naver.search.Suite_01_smartstore_order" name="s03_스스_구매하기" time="2.135"/>
  <system-out/>
</testsuite> <!-- com.naver.search.Suite_01_smartstore_order -->
